


ARM Macro Assembler    Page 1 


    1 00000000         ;Write an assembly program to search an element in an ar
                       ray of ten 32 bit numbers using linear search
    2 00000000                 AREA             RESET,DATA,READONLY
    3 00000000                 EXPORT           __Vectors
    4 00000000         
    5 00000000         __Vectors
    6 00000000 10001000        DCD              0X10001000
    7 00000004 00000000        DCD              Reset_Handler
    8 00000008         
    9 00000008                 ALIGN
   10 00000008                 AREA             mycode,CODE,READONLY
   11 00000000                 ENTRY
   12 00000000                 EXPORT           Reset_Handler
   13 00000000         
   14 00000000         Reset_Handler
   15 00000000         
   16 00000000 4815            LDR              R0,=KEY
   17 00000002 6800            LDR              R0,[R0]
   18 00000004 4915            LDR              R1,=N
   19 00000006 4C16            LDR              R4,=FLAG
   20 00000008 F04F 0600       MOV              R6,#0       ;COUNTER
   21 0000000C         
   22 0000000C         
   23 0000000C         LOOP
   24 0000000C F106 0601       ADD              R6,#1
   25 00000010 F851 2B04       LDR              R2,[R1],#4
   26 00000014 4290            CMP              R0,R2
   27 00000016 D005            BEQ              EXIT
   28 00000018 2E0B            CMP              R6,#11
   29 0000001A D000            BEQ              EXIT2
   30 0000001C E7F6            B                LOOP
   31 0000001E         
   32 0000001E         
   33 0000001E F04F 0300 
                       EXIT2   MOV              R3,#0
   34 00000022 6023            STR              R3,[R4]
   35 00000024         
   36 00000024         
   37 00000024         EXIT
   38 00000024 F04F 0301       MOV              R3,#1
   39 00000028 6023            STR              R3,[R4]
   40 0000002A         
   41 0000002A         
   42 0000002A         
   43 0000002A E7FE    STOP    B                STOP
   44 0000002C         
   45 0000002C 00000005 
              00000006 
              00000007 
              00000002 
              00000012 
              00000048 
              0000001E 
              00000003 
              0000000C 
              00000001 N       DCD              5,6,7,2,18,72,30,3,12,1
   46 00000054 0000001E 
                       KEY     DCD              30
   47 00000058         



ARM Macro Assembler    Page 2 


   48 00000058 00000000 
              00000000 
              00000000         AREA             mydata,DATA,READWRITE
   49 00000000 00000000 
                       FLAG    DCD              0
   50 00000004                 END
Command Line: --debug --xref --cpu=Cortex-M3 --apcs=interwork --depend=l5q3.d -
ol5q3.o -IC:\Keil\ARM\RV31\INC -IC:\Keil\ARM\CMSIS\Include -IC:\Keil\ARM\Inc\NX
P\LPC17xx --predefine="__EVAL SETA 1" --list=l5q3.lst l5q3.asm



ARM Macro Assembler    Page 1 Alphabetic symbol ordering
Relocatable symbols

RESET 00000000

Symbol: RESET
   Definitions
      At line 2 in file l5q3.asm
   Uses
      None
Comment: RESET unused
__Vectors 00000000

Symbol: __Vectors
   Definitions
      At line 5 in file l5q3.asm
   Uses
      At line 3 in file l5q3.asm
Comment: __Vectors used once
2 symbols



ARM Macro Assembler    Page 1 Alphabetic symbol ordering
Relocatable symbols

EXIT 00000024

Symbol: EXIT
   Definitions
      At line 37 in file l5q3.asm
   Uses
      At line 27 in file l5q3.asm
Comment: EXIT used once
EXIT2 0000001E

Symbol: EXIT2
   Definitions
      At line 33 in file l5q3.asm
   Uses
      At line 29 in file l5q3.asm
Comment: EXIT2 used once
KEY 00000054

Symbol: KEY
   Definitions
      At line 46 in file l5q3.asm
   Uses
      At line 16 in file l5q3.asm
Comment: KEY used once
LOOP 0000000C

Symbol: LOOP
   Definitions
      At line 23 in file l5q3.asm
   Uses
      At line 30 in file l5q3.asm
Comment: LOOP used once
N 0000002C

Symbol: N
   Definitions
      At line 45 in file l5q3.asm
   Uses
      At line 18 in file l5q3.asm
Comment: N used once
Reset_Handler 00000000

Symbol: Reset_Handler
   Definitions
      At line 14 in file l5q3.asm
   Uses
      At line 7 in file l5q3.asm
      At line 12 in file l5q3.asm

STOP 0000002A

Symbol: STOP
   Definitions
      At line 43 in file l5q3.asm
   Uses
      At line 43 in file l5q3.asm
Comment: STOP used once
mycode 00000000




ARM Macro Assembler    Page 2 Alphabetic symbol ordering
Relocatable symbols

Symbol: mycode
   Definitions
      At line 10 in file l5q3.asm
   Uses
      None
Comment: mycode unused
8 symbols



ARM Macro Assembler    Page 1 Alphabetic symbol ordering
Relocatable symbols

FLAG 00000000

Symbol: FLAG
   Definitions
      At line 49 in file l5q3.asm
   Uses
      At line 19 in file l5q3.asm
Comment: FLAG used once
mydata 00000000

Symbol: mydata
   Definitions
      At line 48 in file l5q3.asm
   Uses
      None
Comment: mydata unused
2 symbols
345 symbols in table
