


ARM Macro Assembler    Page 1 


    1 00000000                 AREA             RESET,DATA,READONLY
    2 00000000                 EXPORT           __Vectors
    3 00000000         
    4 00000000         __Vectors
    5 00000000 10001000        DCD              0x10001000  ;
    6 00000004         
    7 00000004 00000000        DCD              Reset_Handler ; reset vector (;
                                                             is a comment)
    8 00000008                 ALIGN
    9 00000008                 AREA             mycode,CODE,READONLY
   10 00000000                 ENTRY
   11 00000000                 EXPORT           Reset_Handler
   12 00000000         
   13 00000000         Reset_Handler
   14 00000000 F240 1023       MOV              R0,#0X123
   15 00000004 F04F 017B       MOV              R1,#0123
   16 00000008 F102 0221       ADD              R2,#33
   17 0000000C 440A            ADD              R2,R1
   18 0000000E F04F 3422       LDR              R4,=0X22222222
   19 00000012         
   20 00000012         STOP
   21 00000012 E7FE            B                STOP        ;stops execution he
                                                            re, branching state
                                                            ment (here uncondit
                                                            ional branching)
   22 00000014         ;data defined (stores in code memory only) 
   23 00000014 0000000A 
                       NUM     EQU              10
   24 00000014 00000008 
              00123456 
              020F76D3 SRC     DCD              8,0X123456,34567891
   25 00000020                 END
Command Line: --debug --xref --cpu=Cortex-M3 --apcs=interwork --depend=ex1.d -o
ex1.o -IC:\Keil\ARM\RV31\INC -IC:\Keil\ARM\CMSIS\Include -IC:\Keil\ARM\Inc\NXP\
LPC17xx --predefine="__EVAL SETA 1" --list=ex1.lst ex1.asm



ARM Macro Assembler    Page 1 Alphabetic symbol ordering
Relocatable symbols

RESET 00000000

Symbol: RESET
   Definitions
      At line 1 in file ex1.asm
   Uses
      None
Comment: RESET unused
__Vectors 00000000

Symbol: __Vectors
   Definitions
      At line 4 in file ex1.asm
   Uses
      At line 2 in file ex1.asm
Comment: __Vectors used once
2 symbols



ARM Macro Assembler    Page 1 Alphabetic symbol ordering
Relocatable symbols

Reset_Handler 00000000

Symbol: Reset_Handler
   Definitions
      At line 13 in file ex1.asm
   Uses
      At line 7 in file ex1.asm
      At line 11 in file ex1.asm

SRC 00000014

Symbol: SRC
   Definitions
      At line 24 in file ex1.asm
   Uses
      None
Comment: SRC unused
STOP 00000012

Symbol: STOP
   Definitions
      At line 20 in file ex1.asm
   Uses
      At line 21 in file ex1.asm
Comment: STOP used once
mycode 00000000

Symbol: mycode
   Definitions
      At line 9 in file ex1.asm
   Uses
      None
Comment: mycode unused
4 symbols



ARM Macro Assembler    Page 1 Alphabetic symbol ordering
Absolute symbols

NUM 0000000A

Symbol: NUM
   Definitions
      At line 23 in file ex1.asm
   Uses
      None
Comment: NUM unused
1 symbol
338 symbols in table
