


ARM Macro Assembler    Page 1 


    1 00000000                 AREA             RESET,DATA,READONLY
    2 00000000                 EXPORT           __Vectors
    3 00000000         
    4 00000000         __Vectors
    5 00000000 10001000        DCD              0x10001000  ;Stack pointer valu
                                                            e wehn stack is emp
                                                            ty
    6 00000004         
    7 00000004 00000000        DCD              Reset_Handler ;reset vector
    8 00000008         
    9 00000008                 ALIGN
   10 00000008                 AREA             mycode,CODE,READONLY
   11 00000000                 ENTRY
   12 00000000                 EXPORT           Reset_Handler
   13 00000000         
   14 00000000         Reset_Handler
   15 00000000 4804            LDR              R0,=SRC
   16 00000002 6801            LDR              R1,[R0]
   17 00000004 6842            LDR              R2,[R0,#4]
   18 00000006 E7FE    STOP    B                STOP
   19 00000008         
   20 00000008 0000000A 
                       NUM     EQU              10
   21 00000008 00000008 
              00123456 
              020F76D3 SRC     DCD              8,0x123456,34567891
   22 00000014                 END
              00000000 
Command Line: --debug --xref --cpu=Cortex-M3 --apcs=interwork --depend=l1q3.d -
ol1q3.o -IC:\Keil\ARM\RV31\INC -IC:\Keil\ARM\CMSIS\Include -IC:\Keil\ARM\Inc\NX
P\LPC17xx --predefine="__EVAL SETA 1" --list=l1q3.lst l1q3.asm



ARM Macro Assembler    Page 1 Alphabetic symbol ordering
Relocatable symbols

RESET 00000000

Symbol: RESET
   Definitions
      At line 1 in file l1q3.asm
   Uses
      None
Comment: RESET unused
__Vectors 00000000

Symbol: __Vectors
   Definitions
      At line 4 in file l1q3.asm
   Uses
      At line 2 in file l1q3.asm
Comment: __Vectors used once
2 symbols



ARM Macro Assembler    Page 1 Alphabetic symbol ordering
Relocatable symbols

Reset_Handler 00000000

Symbol: Reset_Handler
   Definitions
      At line 14 in file l1q3.asm
   Uses
      At line 7 in file l1q3.asm
      At line 12 in file l1q3.asm

SRC 00000008

Symbol: SRC
   Definitions
      At line 21 in file l1q3.asm
   Uses
      At line 15 in file l1q3.asm
Comment: SRC used once
STOP 00000006

Symbol: STOP
   Definitions
      At line 18 in file l1q3.asm
   Uses
      At line 18 in file l1q3.asm
Comment: STOP used once
mycode 00000000

Symbol: mycode
   Definitions
      At line 10 in file l1q3.asm
   Uses
      None
Comment: mycode unused
4 symbols



ARM Macro Assembler    Page 1 Alphabetic symbol ordering
Absolute symbols

NUM 0000000A

Symbol: NUM
   Definitions
      At line 20 in file l1q3.asm
   Uses
      None
Comment: NUM unused
1 symbol
340 symbols in table
