


ARM Macro Assembler    Page 1 


    1 00000000         ;Write an ARM assembly language program to covert 2-digi
                       t hexadecimal number in ASCII unpacked form into its equ
                       ivalent packed hexadecimal number
    2 00000000         
    3 00000000                 AREA             RESET,DATA,READONLY
    4 00000000                 EXPORT           __Vectors
    5 00000000         
    6 00000000         __Vectors
    7 00000000 10001000        DCD              0X10001000
    8 00000004 00000000        DCD              Reset_Handler
    9 00000008         
   10 00000008                 ALIGN
   11 00000008                 AREA             mycode,CODE,READONLY
   12 00000000                 ENTRY
   13 00000000                 EXPORT           Reset_Handler
   14 00000000         
   15 00000000         Reset_Handler
   16 00000000         
   17 00000000 4C13            LDR              R4,=N
   18 00000002         ;LDR R0,[R0]
   19 00000002 4914            LDR              R1,=RESULT
   20 00000004         ;for 1st digit  
   21 00000004 6820            LDR              R0,[R4]
   22 00000006 2830            CMP              R0,#0X30
   23 00000008 D303            BLO              LET
   24 0000000A 2839            CMP              R0,#0X39    ;48<n<57
   25 0000000C D801            BHI              LET
   26 0000000E F1A0 0230       SUB              R2,R0,#0X30 ;R2 will now have 2
                                                            
   27 00000012         
   28 00000012         
   29 00000012         LET
   30 00000012 2841            CMP              R0,#0X41
   31 00000014 D316            BLO              EXIT
   32 00000016 2846            CMP              R0,#0X46
   33 00000018 D314            BLO              EXIT
   34 0000001A F1A0 0237       SUB              R2,R0,#0X37 ;minus 55
   35 0000001E         
   36 0000001E F104 0404       ADD              R4,#4
   37 00000022         ;for 2nt digit  
   38 00000022 6820            LDR              R0,[R4]
   39 00000024 2830            CMP              R0,#0X30
   40 00000026 D303            BLO              LET2
   41 00000028 2839            CMP              R0,#0X39    ;48<n<57
   42 0000002A D801            BHI              LET2
   43 0000002C F1A0 0230       SUB              R2,R0,#0X30 ;R2 will now have 2
                                                            
   44 00000030         
   45 00000030         
   46 00000030         LET2
   47 00000030 2841            CMP              R0,#0X41
   48 00000032 D307            BLO              EXIT
   49 00000034 2846            CMP              R0,#0X46
   50 00000036 D305            BLO              EXIT
   51 00000038 F1A0 0237       SUB              R2,R0,#0X37 ;R3 will now have D
                                                            
   52 0000003C         
   53 0000003C         ;packing
   54 0000003C EA4F 1502       LSL              R5,R2,#4



ARM Macro Assembler    Page 2 


   55 00000040 441D            ADD              R5,R3
   56 00000042 600D            STR              R5,[R1]
   57 00000044         
   58 00000044         
   59 00000044         
   60 00000044         
   61 00000044         
   62 00000044         
   63 00000044         
   64 00000044         EXIT
   65 00000044 E7FE    STOP    B                STOP
   66 00000046         
   67 00000046 00 00 00000044 
              00000032 N       DCD              0x44,0x32   ; 45 in decimal
   68 00000050         ; 44=D's ASCII
   69 00000050         ;32= 2's ASCII
   70 00000050         
   71 00000050         
   72 00000050 00000000 
              00000000         AREA             mydata,DATA,READWRITE
   73 00000000 00000000 
                       RESULT  DCD              0
   74 00000004         ;ans shud be 2D
   75 00000004                 END
Command Line: --debug --xref --cpu=Cortex-M3 --apcs=interwork --depend=l4a1.d -
ol4a1.o -IC:\Keil\ARM\RV31\INC -IC:\Keil\ARM\CMSIS\Include -IC:\Keil\ARM\Inc\NX
P\LPC17xx --predefine="__EVAL SETA 1" --list=l4a1.lst l4a1.asm



ARM Macro Assembler    Page 1 Alphabetic symbol ordering
Relocatable symbols

RESET 00000000

Symbol: RESET
   Definitions
      At line 3 in file l4a1.asm
   Uses
      None
Comment: RESET unused
__Vectors 00000000

Symbol: __Vectors
   Definitions
      At line 6 in file l4a1.asm
   Uses
      At line 4 in file l4a1.asm
Comment: __Vectors used once
2 symbols



ARM Macro Assembler    Page 1 Alphabetic symbol ordering
Relocatable symbols

EXIT 00000044

Symbol: EXIT
   Definitions
      At line 64 in file l4a1.asm
   Uses
      At line 31 in file l4a1.asm
      At line 33 in file l4a1.asm
      At line 48 in file l4a1.asm
      At line 50 in file l4a1.asm

LET 00000012

Symbol: LET
   Definitions
      At line 29 in file l4a1.asm
   Uses
      At line 23 in file l4a1.asm
      At line 25 in file l4a1.asm

LET2 00000030

Symbol: LET2
   Definitions
      At line 46 in file l4a1.asm
   Uses
      At line 40 in file l4a1.asm
      At line 42 in file l4a1.asm

N 00000048

Symbol: N
   Definitions
      At line 67 in file l4a1.asm
   Uses
      At line 17 in file l4a1.asm
Comment: N used once
Reset_Handler 00000000

Symbol: Reset_Handler
   Definitions
      At line 15 in file l4a1.asm
   Uses
      At line 8 in file l4a1.asm
      At line 13 in file l4a1.asm

STOP 00000044

Symbol: STOP
   Definitions
      At line 65 in file l4a1.asm
   Uses
      At line 65 in file l4a1.asm
Comment: STOP used once
mycode 00000000

Symbol: mycode
   Definitions
      At line 11 in file l4a1.asm



ARM Macro Assembler    Page 2 Alphabetic symbol ordering
Relocatable symbols

   Uses
      None
Comment: mycode unused
7 symbols



ARM Macro Assembler    Page 1 Alphabetic symbol ordering
Relocatable symbols

RESULT 00000000

Symbol: RESULT
   Definitions
      At line 73 in file l4a1.asm
   Uses
      At line 19 in file l4a1.asm
Comment: RESULT used once
mydata 00000000

Symbol: mydata
   Definitions
      At line 72 in file l4a1.asm
   Uses
      None
Comment: mydata unused
2 symbols
344 symbols in table
