


ARM Macro Assembler    Page 1 


    1 00000000         ;Write a program to subtract two 32 bit numbers
    2 00000000         
    3 00000000                 AREA             RESET,DATA,READONLY
    4 00000000                 EXPORT           __Vectors
    5 00000000         
    6 00000000         __Vectors
    7 00000000 10001000        DCD              0X10001000
    8 00000004 00000000        DCD              Reset_Handler
    9 00000008         
   10 00000008                 ALIGN
   11 00000008                 AREA             mycode, CODE, READONLY
   12 00000000                 ENTRY
   13 00000000                 EXPORT           Reset_Handler
   14 00000000         
   15 00000000         Reset_Handler
   16 00000000 4906            LDR              R1,=N
   17 00000002 4A07            LDR              R2,=M
   18 00000004 4807            LDR              R0,=REM
   19 00000006 6809            LDR              R1,[R1]
   20 00000008 6812            LDR              R2,[R2]
   21 0000000A         
   22 0000000A EBA1 0302       SUB              R3,R1,R2
   23 0000000E         
   24 0000000E 6003            STR              R3,[R0]
   25 00000010         
   26 00000010         
   27 00000010         
   28 00000010         
   29 00000010         STOP
   30 00000010 E7FE            B                STOP
   31 00000012         
   32 00000012 00 00 00000005 
                       N       DCD              5
   33 00000018 00000008 
                       M       DCD              8
   34 0000001C         
   35 0000001C 00000000 
              00000000 
              00000000         AREA             mydata,DATA,READWRITE
   36 00000000         
   37 00000000 00000000 
                       REM     DCD              0
   38 00000004                 END
Command Line: --debug --xref --cpu=Cortex-M3 --apcs=interwork --depend=l3a1.d -
ol3a1.o -IC:\Keil\ARM\RV31\INC -IC:\Keil\ARM\CMSIS\Include -IC:\Keil\ARM\Inc\NX
P\LPC17xx --predefine="__EVAL SETA 1" --list=l3a1.lst l3a1.asm



ARM Macro Assembler    Page 1 Alphabetic symbol ordering
Relocatable symbols

RESET 00000000

Symbol: RESET
   Definitions
      At line 3 in file l3a1.asm
   Uses
      None
Comment: RESET unused
__Vectors 00000000

Symbol: __Vectors
   Definitions
      At line 6 in file l3a1.asm
   Uses
      At line 4 in file l3a1.asm
Comment: __Vectors used once
2 symbols



ARM Macro Assembler    Page 1 Alphabetic symbol ordering
Relocatable symbols

M 00000018

Symbol: M
   Definitions
      At line 33 in file l3a1.asm
   Uses
      At line 17 in file l3a1.asm
Comment: M used once
N 00000014

Symbol: N
   Definitions
      At line 32 in file l3a1.asm
   Uses
      At line 16 in file l3a1.asm
Comment: N used once
Reset_Handler 00000000

Symbol: Reset_Handler
   Definitions
      At line 15 in file l3a1.asm
   Uses
      At line 8 in file l3a1.asm
      At line 13 in file l3a1.asm

STOP 00000010

Symbol: STOP
   Definitions
      At line 29 in file l3a1.asm
   Uses
      At line 30 in file l3a1.asm
Comment: STOP used once
mycode 00000000

Symbol: mycode
   Definitions
      At line 11 in file l3a1.asm
   Uses
      None
Comment: mycode unused
5 symbols



ARM Macro Assembler    Page 1 Alphabetic symbol ordering
Relocatable symbols

REM 00000000

Symbol: REM
   Definitions
      At line 37 in file l3a1.asm
   Uses
      At line 18 in file l3a1.asm
Comment: REM used once
mydata 00000000

Symbol: mydata
   Definitions
      At line 35 in file l3a1.asm
   Uses
      None
Comment: mydata unused
2 symbols
342 symbols in table
