


ARM Macro Assembler    Page 1 


    1 00000000         ;Find the sum of ‘n’ natural numbers using MLA instructi
                       on
    2 00000000         
    3 00000000                 AREA             RESET,DATA,READONLY
    4 00000000                 EXPORT           __Vectors
    5 00000000         
    6 00000000         __Vectors
    7 00000000 10001000        DCD              0X10001000
    8 00000004 00000000        DCD              Reset_Handler
    9 00000008         
   10 00000008                 ALIGN
   11 00000008                 AREA             mycode, CODE, READONLY
   12 00000000                 ENTRY
   13 00000000                 EXPORT           Reset_Handler
   14 00000000         
   15 00000000         Reset_Handler
   16 00000000 4804            LDR              R0,=N
   17 00000002 6800            LDR              R0,[R0]
   18 00000004 4904            LDR              R1,=SUM
   19 00000006         ;Lets say R2 stores sum in code memory
   20 00000006 FB00 0200       MLA              R2,R0,R0,R0
   21 0000000A EA4F 0252       LSR              R2,#1
   22 0000000E         
   23 0000000E 600A            STR              R2,[R1]
   24 00000010         
   25 00000010         
   26 00000010 00000005 
                       N       DCD              5
   27 00000014 00000000 
              00000000         AREA             mydata,DATA,READWRITE
   28 00000000 00000000 
                       SUM     DCD              0           ; ans shud be 15
   29 00000004                 END
Command Line: --debug --xref --cpu=Cortex-M3 --apcs=interwork --depend=l3a2.d -
ol3a2.o -IC:\Keil\ARM\RV31\INC -IC:\Keil\ARM\CMSIS\Include -IC:\Keil\ARM\Inc\NX
P\LPC17xx --predefine="__EVAL SETA 1" --list=l3a2.lst l3a2.asm



ARM Macro Assembler    Page 1 Alphabetic symbol ordering
Relocatable symbols

RESET 00000000

Symbol: RESET
   Definitions
      At line 3 in file l3a2.asm
   Uses
      None
Comment: RESET unused
__Vectors 00000000

Symbol: __Vectors
   Definitions
      At line 6 in file l3a2.asm
   Uses
      At line 4 in file l3a2.asm
Comment: __Vectors used once
2 symbols



ARM Macro Assembler    Page 1 Alphabetic symbol ordering
Relocatable symbols

N 00000010

Symbol: N
   Definitions
      At line 26 in file l3a2.asm
   Uses
      At line 16 in file l3a2.asm
Comment: N used once
Reset_Handler 00000000

Symbol: Reset_Handler
   Definitions
      At line 15 in file l3a2.asm
   Uses
      At line 8 in file l3a2.asm
      At line 13 in file l3a2.asm

mycode 00000000

Symbol: mycode
   Definitions
      At line 11 in file l3a2.asm
   Uses
      None
Comment: mycode unused
3 symbols



ARM Macro Assembler    Page 1 Alphabetic symbol ordering
Relocatable symbols

SUM 00000000

Symbol: SUM
   Definitions
      At line 28 in file l3a2.asm
   Uses
      At line 18 in file l3a2.asm
Comment: SUM used once
mydata 00000000

Symbol: mydata
   Definitions
      At line 27 in file l3a2.asm
   Uses
      None
Comment: mydata unused
2 symbols
340 symbols in table
