


ARM Macro Assembler    Page 1 


    1 00000000         ; Write a program to multiply two 32 bit numbers using r
                       epetitive addition
    2 00000000                 AREA             RESET,DATA,READONLY
    3 00000000                 EXPORT           __Vectors
    4 00000000         
    5 00000000         __Vectors
    6 00000000 10001000        DCD              0X10001000
    7 00000004 00000000        DCD              Reset_Handler
    8 00000008         
    9 00000008                 ALIGN
   10 00000008                 AREA             mycode, CODE, READONLY
   11 00000000                 ENTRY
   12 00000000                 EXPORT           Reset_Handler
   13 00000000         
   14 00000000         Reset_Handler
   15 00000000 4909            LDR              R1,=N
   16 00000002 4A0A            LDR              R2,=M
   17 00000004 6809            LDR              R1,[R1]
   18 00000006 6812            LDR              R2,[R2]
   19 00000008         
   20 00000008 185B    BACK    ADDS             R3,R3,R1
   21 0000000A F154 0400       ADCS             R4,#0
   22 0000000E F1A2 0201       SUB              R2,#1
   23 00000012 2A00            CMP              R2,#0
   24 00000014 D1F8            BNE              BACK
   25 00000016         
   26 00000016 4D06            LDR              R5,=RES
   27 00000018 F845 3B04       STR              R3,[R5],#4
   28 0000001C 602C            STR              R4,[R5]
   29 0000001E         
   30 0000001E         STOP
   31 0000001E E7FE            B                STOP
   32 00000020         
   33 00000020         ;N DCD 0x12345678,0x6A,0x234,0x49C,0xA13BC,0x69,0xA666,0
                       x227799,0x98243231,0x01
   34 00000020 0000000C 
                       N       DCD              12
   35 00000024 00000003 
                       M       DCD              3
   36 00000028 00000000 
              00000000 
              00000000         AREA             mydata,DATA,READWRITE
   37 00000000 00000000 
              00000000 RES     DCD              0,0
   38 00000008                 END
Command Line: --debug --xref --cpu=Cortex-M3 --apcs=interwork --depend=l3a4.d -
ol3a4.o -IC:\Keil\ARM\RV31\INC -IC:\Keil\ARM\CMSIS\Include -IC:\Keil\ARM\Inc\NX
P\LPC17xx --predefine="__EVAL SETA 1" --list=l3a4.lst l3a4.asm



ARM Macro Assembler    Page 1 Alphabetic symbol ordering
Relocatable symbols

RESET 00000000

Symbol: RESET
   Definitions
      At line 2 in file l3a4.asm
   Uses
      None
Comment: RESET unused
__Vectors 00000000

Symbol: __Vectors
   Definitions
      At line 5 in file l3a4.asm
   Uses
      At line 3 in file l3a4.asm
Comment: __Vectors used once
2 symbols



ARM Macro Assembler    Page 1 Alphabetic symbol ordering
Relocatable symbols

BACK 00000008

Symbol: BACK
   Definitions
      At line 20 in file l3a4.asm
   Uses
      At line 24 in file l3a4.asm
Comment: BACK used once
M 00000024

Symbol: M
   Definitions
      At line 35 in file l3a4.asm
   Uses
      At line 16 in file l3a4.asm
Comment: M used once
N 00000020

Symbol: N
   Definitions
      At line 34 in file l3a4.asm
   Uses
      At line 15 in file l3a4.asm
Comment: N used once
Reset_Handler 00000000

Symbol: Reset_Handler
   Definitions
      At line 14 in file l3a4.asm
   Uses
      At line 7 in file l3a4.asm
      At line 12 in file l3a4.asm

STOP 0000001E

Symbol: STOP
   Definitions
      At line 30 in file l3a4.asm
   Uses
      At line 31 in file l3a4.asm
Comment: STOP used once
mycode 00000000

Symbol: mycode
   Definitions
      At line 10 in file l3a4.asm
   Uses
      None
Comment: mycode unused
6 symbols



ARM Macro Assembler    Page 1 Alphabetic symbol ordering
Relocatable symbols

RES 00000000

Symbol: RES
   Definitions
      At line 37 in file l3a4.asm
   Uses
      At line 26 in file l3a4.asm
Comment: RES used once
mydata 00000000

Symbol: mydata
   Definitions
      At line 36 in file l3a4.asm
   Uses
      None
Comment: mydata unused
2 symbols
343 symbols in table
